  stb_image.cpp
  Renderer.cpp
C:\2D Game Engine\illus2D Engine\Engine\src\graphics\data_buffers\VertexArray.h(28,21): warning C4251: 'illus2d::graphics::VBlayout::p_dataPerIndex': class 'std::vector<int,std::allocator<int>>' needs to have dll-interface to be used by clients of class 'illus2d::graphics::VBlayout'
C:\2D Game Engine\illus2D Engine\Engine\src\graphics\data_buffers\VertexArray.h(28): message : see declaration of 'std::vector<int,std::allocator<int>>'
C:\2D Game Engine\illus2D Engine\Engine\src\graphics\Shader.h(22,16): warning C4251: 'illus2d::graphics::Shader::p_vsCode': class 'std::basic_string<char,std::char_traits<char>,std::allocator<char>>' needs to have dll-interface to be used by clients of class 'illus2d::graphics::Shader'
C:\Program Files\Microsoft Visual Studio\2022\Community\VC\Tools\MSVC\14.31.31103\include\xstring(4927): message : see declaration of 'std::basic_string<char,std::char_traits<char>,std::allocator<char>>'
C:\2D Game Engine\illus2D Engine\Engine\src\graphics\Shader.h(22,26): warning C4251: 'illus2d::graphics::Shader::p_fsCode': class 'std::basic_string<char,std::char_traits<char>,std::allocator<char>>' needs to have dll-interface to be used by clients of class 'illus2d::graphics::Shader'
C:\Program Files\Microsoft Visual Studio\2022\Community\VC\Tools\MSVC\14.31.31103\include\xstring(4927): message : see declaration of 'std::basic_string<char,std::char_traits<char>,std::allocator<char>>'
C:\2D Game Engine\illus2D Engine\Engine\src\graphics\Shader.h(23,16): warning C4251: 'illus2d::graphics::Shader::p_vsCodePath': class 'std::basic_string<char,std::char_traits<char>,std::allocator<char>>' needs to have dll-interface to be used by clients of class 'illus2d::graphics::Shader'
C:\Program Files\Microsoft Visual Studio\2022\Community\VC\Tools\MSVC\14.31.31103\include\xstring(4927): message : see declaration of 'std::basic_string<char,std::char_traits<char>,std::allocator<char>>'
C:\2D Game Engine\illus2D Engine\Engine\src\graphics\Shader.h(23,30): warning C4251: 'illus2d::graphics::Shader::p_fsCodePath': class 'std::basic_string<char,std::char_traits<char>,std::allocator<char>>' needs to have dll-interface to be used by clients of class 'illus2d::graphics::Shader'
C:\Program Files\Microsoft Visual Studio\2022\Community\VC\Tools\MSVC\14.31.31103\include\xstring(4927): message : see declaration of 'std::basic_string<char,std::char_traits<char>,std::allocator<char>>'
C:\2D Game Engine\illus2D Engine\Engine\src\graphics\Texture.h(13,16): warning C4251: 'illus2d::graphics::Texture::p_filePath': class 'std::basic_string<char,std::char_traits<char>,std::allocator<char>>' needs to have dll-interface to be used by clients of class 'illus2d::graphics::Texture'
C:\Program Files\Microsoft Visual Studio\2022\Community\VC\Tools\MSVC\14.31.31103\include\xstring(4927): message : see declaration of 'std::basic_string<char,std::char_traits<char>,std::allocator<char>>'
C:\2D Game Engine\illus2D Engine\Engine\src\graphics\Renderer.h(11,25): warning C4251: 'illus2d::graphics::Renderer::p_sprites': class 'std::vector<illus2d::graphics::Sprite *,std::allocator<illus2d::graphics::Sprite *>>' needs to have dll-interface to be used by clients of class 'illus2d::graphics::Renderer'
C:\2D Game Engine\illus2D Engine\Engine\src\graphics\Renderer.h(11): message : see declaration of 'std::vector<illus2d::graphics::Sprite *,std::allocator<illus2d::graphics::Sprite *>>'
  Sprite.cpp
C:\2D Game Engine\illus2D Engine\Engine\src\graphics\data_buffers\VertexArray.h(28,21): warning C4251: 'illus2d::graphics::VBlayout::p_dataPerIndex': class 'std::vector<int,std::allocator<int>>' needs to have dll-interface to be used by clients of class 'illus2d::graphics::VBlayout'
C:\2D Game Engine\illus2D Engine\Engine\src\graphics\data_buffers\VertexArray.h(28): message : see declaration of 'std::vector<int,std::allocator<int>>'
C:\2D Game Engine\illus2D Engine\Engine\src\graphics\Shader.h(22,16): warning C4251: 'illus2d::graphics::Shader::p_vsCode': class 'std::basic_string<char,std::char_traits<char>,std::allocator<char>>' needs to have dll-interface to be used by clients of class 'illus2d::graphics::Shader'
C:\Program Files\Microsoft Visual Studio\2022\Community\VC\Tools\MSVC\14.31.31103\include\xstring(4927): message : see declaration of 'std::basic_string<char,std::char_traits<char>,std::allocator<char>>'
C:\2D Game Engine\illus2D Engine\Engine\src\graphics\Shader.h(22,26): warning C4251: 'illus2d::graphics::Shader::p_fsCode': class 'std::basic_string<char,std::char_traits<char>,std::allocator<char>>' needs to have dll-interface to be used by clients of class 'illus2d::graphics::Shader'
C:\Program Files\Microsoft Visual Studio\2022\Community\VC\Tools\MSVC\14.31.31103\include\xstring(4927): message : see declaration of 'std::basic_string<char,std::char_traits<char>,std::allocator<char>>'
C:\2D Game Engine\illus2D Engine\Engine\src\graphics\Shader.h(23,16): warning C4251: 'illus2d::graphics::Shader::p_vsCodePath': class 'std::basic_string<char,std::char_traits<char>,std::allocator<char>>' needs to have dll-interface to be used by clients of class 'illus2d::graphics::Shader'
C:\Program Files\Microsoft Visual Studio\2022\Community\VC\Tools\MSVC\14.31.31103\include\xstring(4927): message : see declaration of 'std::basic_string<char,std::char_traits<char>,std::allocator<char>>'
C:\2D Game Engine\illus2D Engine\Engine\src\graphics\Shader.h(23,30): warning C4251: 'illus2d::graphics::Shader::p_fsCodePath': class 'std::basic_string<char,std::char_traits<char>,std::allocator<char>>' needs to have dll-interface to be used by clients of class 'illus2d::graphics::Shader'
C:\Program Files\Microsoft Visual Studio\2022\Community\VC\Tools\MSVC\14.31.31103\include\xstring(4927): message : see declaration of 'std::basic_string<char,std::char_traits<char>,std::allocator<char>>'
C:\2D Game Engine\illus2D Engine\Engine\src\graphics\Texture.h(13,16): warning C4251: 'illus2d::graphics::Texture::p_filePath': class 'std::basic_string<char,std::char_traits<char>,std::allocator<char>>' needs to have dll-interface to be used by clients of class 'illus2d::graphics::Texture'
C:\Program Files\Microsoft Visual Studio\2022\Community\VC\Tools\MSVC\14.31.31103\include\xstring(4927): message : see declaration of 'std::basic_string<char,std::char_traits<char>,std::allocator<char>>'
  IndexBuffer.cpp
  VertexArray.cpp
C:\2D Game Engine\illus2D Engine\Engine\src\graphics\data_buffers\VertexArray.h(28,21): warning C4251: 'illus2d::graphics::VBlayout::p_dataPerIndex': class 'std::vector<int,std::allocator<int>>' needs to have dll-interface to be used by clients of class 'illus2d::graphics::VBlayout'
C:\2D Game Engine\illus2D Engine\Engine\src\graphics\data_buffers\VertexArray.h(28): message : see declaration of 'std::vector<int,std::allocator<int>>'
C:\2D Game Engine\illus2D Engine\Engine\src\graphics\data_buffers\VertexArray.cpp(49,22): warning C4018: '<': signed/unsigned mismatch
C:\2D Game Engine\illus2D Engine\Engine\src\graphics\data_buffers\VertexArray.cpp(62,22): warning C4018: '<=': signed/unsigned mismatch
C:\2D Game Engine\illus2D Engine\Engine\src\graphics\data_buffers\VertexArray.cpp(73,86): warning C4312: 'type cast': conversion from 'unsigned int' to 'const void *' of greater size
  VertexBuffer.cpp
  Shader.cpp
C:\2D Game Engine\illus2D Engine\Engine\src\graphics\Shader.h(22,16): warning C4251: 'illus2d::graphics::Shader::p_vsCode': class 'std::basic_string<char,std::char_traits<char>,std::allocator<char>>' needs to have dll-interface to be used by clients of class 'illus2d::graphics::Shader'
C:\Program Files\Microsoft Visual Studio\2022\Community\VC\Tools\MSVC\14.31.31103\include\xstring(4927): message : see declaration of 'std::basic_string<char,std::char_traits<char>,std::allocator<char>>'
C:\2D Game Engine\illus2D Engine\Engine\src\graphics\Shader.h(22,26): warning C4251: 'illus2d::graphics::Shader::p_fsCode': class 'std::basic_string<char,std::char_traits<char>,std::allocator<char>>' needs to have dll-interface to be used by clients of class 'illus2d::graphics::Shader'
C:\Program Files\Microsoft Visual Studio\2022\Community\VC\Tools\MSVC\14.31.31103\include\xstring(4927): message : see declaration of 'std::basic_string<char,std::char_traits<char>,std::allocator<char>>'
C:\2D Game Engine\illus2D Engine\Engine\src\graphics\Shader.h(23,16): warning C4251: 'illus2d::graphics::Shader::p_vsCodePath': class 'std::basic_string<char,std::char_traits<char>,std::allocator<char>>' needs to have dll-interface to be used by clients of class 'illus2d::graphics::Shader'
C:\Program Files\Microsoft Visual Studio\2022\Community\VC\Tools\MSVC\14.31.31103\include\xstring(4927): message : see declaration of 'std::basic_string<char,std::char_traits<char>,std::allocator<char>>'
C:\2D Game Engine\illus2D Engine\Engine\src\graphics\Shader.h(23,30): warning C4251: 'illus2d::graphics::Shader::p_fsCodePath': class 'std::basic_string<char,std::char_traits<char>,std::allocator<char>>' needs to have dll-interface to be used by clients of class 'illus2d::graphics::Shader'
C:\Program Files\Microsoft Visual Studio\2022\Community\VC\Tools\MSVC\14.31.31103\include\xstring(4927): message : see declaration of 'std::basic_string<char,std::char_traits<char>,std::allocator<char>>'
  Texture.cpp
C:\2D Game Engine\illus2D Engine\Engine\src\graphics\Texture.h(13,16): warning C4251: 'illus2d::graphics::Texture::p_filePath': class 'std::basic_string<char,std::char_traits<char>,std::allocator<char>>' needs to have dll-interface to be used by clients of class 'illus2d::graphics::Texture'
C:\Program Files\Microsoft Visual Studio\2022\Community\VC\Tools\MSVC\14.31.31103\include\xstring(4927): message : see declaration of 'std::basic_string<char,std::char_traits<char>,std::allocator<char>>'
  Window.cpp
  mat4.cpp
  vec2.cpp
  vec3.cpp
  vec4.cpp
  Clock.cpp
C:\2D Game Engine\illus2D Engine\Engine\src\utilities\Clock.cpp(19,17): warning C4244: '=': conversion from 'double' to 'float', possible loss of data
  Generating Code...
     Creating library C:\2D Game Engine\illus2D Engine\bin\Debug-x64\Engine\Engine.lib and object C:\2D Game Engine\illus2D Engine\bin\Debug-x64\Engine\Engine.exp
IndexBuffer.obj : error LNK2001: unresolved external symbol __glewBindBuffer
VertexBuffer.obj : error LNK2001: unresolved external symbol __glewBindBuffer
IndexBuffer.obj : error LNK2001: unresolved external symbol __glewBufferData
VertexBuffer.obj : error LNK2001: unresolved external symbol __glewBufferData
IndexBuffer.obj : error LNK2001: unresolved external symbol __glewDeleteBuffers
VertexBuffer.obj : error LNK2001: unresolved external symbol __glewDeleteBuffers
IndexBuffer.obj : error LNK2001: unresolved external symbol __glewGenBuffers
VertexBuffer.obj : error LNK2001: unresolved external symbol __glewGenBuffers
VertexArray.obj : error LNK2001: unresolved external symbol __glewEnableVertexAttribArray
VertexArray.obj : error LNK2001: unresolved external symbol __glewVertexAttribPointer
VertexArray.obj : error LNK2001: unresolved external symbol __glewBindVertexArray
VertexArray.obj : error LNK2001: unresolved external symbol __glewDeleteVertexArrays
VertexArray.obj : error LNK2001: unresolved external symbol __glewGenVertexArrays
Shader.obj : error LNK2001: unresolved external symbol __glewAttachShader
Shader.obj : error LNK2001: unresolved external symbol __glewCompileShader
Shader.obj : error LNK2001: unresolved external symbol __glewCreateProgram
Shader.obj : error LNK2001: unresolved external symbol __glewCreateShader
Shader.obj : error LNK2001: unresolved external symbol __glewDeleteProgram
Shader.obj : error LNK2001: unresolved external symbol __glewDeleteShader
Shader.obj : error LNK2001: unresolved external symbol __glewGetShaderInfoLog
Shader.obj : error LNK2001: unresolved external symbol __glewGetShaderiv
Shader.obj : error LNK2001: unresolved external symbol __glewGetUniformLocation
Shader.obj : error LNK2001: unresolved external symbol __glewLinkProgram
Shader.obj : error LNK2001: unresolved external symbol __glewShaderSource
Shader.obj : error LNK2001: unresolved external symbol __glewUniform1f
Shader.obj : error LNK2001: unresolved external symbol __glewUniform1fv
Shader.obj : error LNK2001: unresolved external symbol __glewUniform1i
Shader.obj : error LNK2001: unresolved external symbol __glewUniform1iv
Shader.obj : error LNK2001: unresolved external symbol __glewUniform3fv
Shader.obj : error LNK2001: unresolved external symbol __glewUniform4fv
Shader.obj : error LNK2001: unresolved external symbol __glewUniformMatrix4fv
Shader.obj : error LNK2001: unresolved external symbol __glewUseProgram
Shader.obj : error LNK2001: unresolved external symbol __glewValidateProgram
Texture.obj : error LNK2001: unresolved external symbol __glewBindTextureUnit
Texture.obj : error LNK2001: unresolved external symbol __glewGenerateMipmap
Window.obj : error LNK2019: unresolved external symbol glewInit referenced in function "public: bool __cdecl illus2d::graphics::Window::init(void)" (?init@Window@graphics@illus2d@@QEAA_NXZ)
Window.obj : error LNK2019: unresolved external symbol glfwInit referenced in function "public: bool __cdecl illus2d::graphics::Window::init(void)" (?init@Window@graphics@illus2d@@QEAA_NXZ)
Window.obj : error LNK2019: unresolved external symbol glfwTerminate referenced in function "public: __cdecl illus2d::graphics::Window::~Window(void)" (??1Window@graphics@illus2d@@QEAA@XZ)
Window.obj : error LNK2019: unresolved external symbol glfwWindowHint referenced in function "public: bool __cdecl illus2d::graphics::Window::init(void)" (?init@Window@graphics@illus2d@@QEAA_NXZ)
Window.obj : error LNK2019: unresolved external symbol glfwCreateWindow referenced in function "public: bool __cdecl illus2d::graphics::Window::init(void)" (?init@Window@graphics@illus2d@@QEAA_NXZ)
Window.obj : error LNK2019: unresolved external symbol glfwWindowShouldClose referenced in function "public: bool __cdecl illus2d::graphics::Window::isClosed(void)const " (?isClosed@Window@graphics@illus2d@@QEBA_NXZ)
Window.obj : error LNK2019: unresolved external symbol glfwSetWindowShouldClose referenced in function "public: void __cdecl illus2d::graphics::Window::pollEvents(void)" (?pollEvents@Window@graphics@illus2d@@QEAAXXZ)
Window.obj : error LNK2019: unresolved external symbol glfwGetFramebufferSize referenced in function "public: void __cdecl illus2d::graphics::Window::pollEvents(void)" (?pollEvents@Window@graphics@illus2d@@QEAAXXZ)
Window.obj : error LNK2019: unresolved external symbol glfwSetFramebufferSizeCallback referenced in function "public: bool __cdecl illus2d::graphics::Window::init(void)" (?init@Window@graphics@illus2d@@QEAA_NXZ)
Window.obj : error LNK2019: unresolved external symbol glfwPollEvents referenced in function "public: void __cdecl illus2d::graphics::Window::pollEvents(void)" (?pollEvents@Window@graphics@illus2d@@QEAAXXZ)
Window.obj : error LNK2019: unresolved external symbol glfwGetKey referenced in function "public: void __cdecl illus2d::graphics::Window::pollEvents(void)" (?pollEvents@Window@graphics@illus2d@@QEAAXXZ)
Window.obj : error LNK2019: unresolved external symbol glfwMakeContextCurrent referenced in function "public: bool __cdecl illus2d::graphics::Window::init(void)" (?init@Window@graphics@illus2d@@QEAA_NXZ)
Window.obj : error LNK2019: unresolved external symbol glfwSwapBuffers referenced in function "public: void __cdecl illus2d::graphics::Window::swapBuffers(void)const " (?swapBuffers@Window@graphics@illus2d@@QEBAXXZ)
Window.obj : error LNK2019: unresolved external symbol glfwSwapInterval referenced in function "public: void __cdecl illus2d::graphics::Window::setVSyncEnabled(bool)const " (?setVSyncEnabled@Window@graphics@illus2d@@QEBAX_N@Z)
Clock.obj : error LNK2019: unresolved external symbol glfwGetTime referenced in function "public: void __cdecl illus2d::util::Clock::processInputs(void)" (?processInputs@Clock@util@illus2d@@QEAAXXZ)
C:\2D Game Engine\illus2D Engine\Externals\GLEW\lib\Release\Win32\\glew32s.lib : warning LNK4272: library machine type 'x86' conflicts with target machine type 'x64'
C:\2D Game Engine\illus2D Engine\Externals\GLFW\lib-vc2022\\glfw3.lib : warning LNK4272: library machine type 'x86' conflicts with target machine type 'x64'
C:\2D Game Engine\illus2D Engine\bin\Debug-x64\Engine\Engine.dll : fatal error LNK1120: 46 unresolved externals
